<?xml version="1.0" encoding="UTF-8"?>
<testsuites name="Mocha Tests" time="0.3610" tests="10" failures="10">
  <testsuite name="Root Suite" timestamp="2021-08-25T07:59:25" tests="0" time="0.0000" failures="0">
  </testsuite>
  <testsuite name="vl-accordion" timestamp="2021-08-25T07:59:25" tests="10" file="/Users/gertjanmeire/Sites/DepOmgeving/components/webcomponent-vl-ui-accordion/test/e2e/accordion.test.js" time="0.3610" failures="10">
    <testcase name="vl-accordion WCAG" time="0.2960" classname="WCAG">
      <failure message="expected true to be false" type="AssertionError"><![CDATA[AssertionError: expected true to be false
    at /Users/gertjanmeire/Sites/DepOmgeving/components/webcomponent-vl-ui-accordion/node_modules/chai-as-promised/lib/chai-as-promised.js:344:62
    at processTicksAndRejections (internal/process/task_queues.js:97:5)
    at async Context.<anonymous> (/Users/gertjanmeire/Sites/DepOmgeving/components/webcomponent-vl-ui-accordion/test/e2e/accordion.test.js:16:5)]]></failure>
    </testcase>
    <testcase name="vl-accordion als gebruiker kan ik een standaard accordion openen en sluiten" time="0.0080" classname="als gebruiker kan ik een standaard accordion openen en sluiten">
      <failure message="no such element: Unable to locate element: {&quot;method&quot;:&quot;css selector&quot;,&quot;selector&quot;:&quot;#accordion-standard&quot;}
  (Session info: chrome=92.0.4515.159)" type="NoSuchElementError"><![CDATA[NoSuchElementError: no such element: Unable to locate element: {"method":"css selector","selector":"#accordion-standard"}
  (Session info: chrome=92.0.4515.159)
    at Object.throwDecodedError (/Users/gertjanmeire/Sites/DepOmgeving/components/webcomponent-vl-ui-accordion/node_modules/selenium-webdriver/lib/error.js:517:15)
    at parseHttpResponse (/Users/gertjanmeire/Sites/DepOmgeving/components/webcomponent-vl-ui-accordion/node_modules/selenium-webdriver/lib/http.js:642:13)
    at Executor.execute (/Users/gertjanmeire/Sites/DepOmgeving/components/webcomponent-vl-ui-accordion/node_modules/selenium-webdriver/lib/http.js:568:28)
    at processTicksAndRejections (internal/process/task_queues.js:97:5)
    at async thenableWebDriverProxy.execute (/Users/gertjanmeire/Sites/DepOmgeving/components/webcomponent-vl-ui-accordion/node_modules/selenium-webdriver/lib/webdriver.js:731:17)
    at async /Users/gertjanmeire/Sites/DepOmgeving/components/webcomponent-vl-ui-accordion/node_modules/vl-ui-core/test/e2e/components/vl-element.js:7:23
    at async Context.<anonymous> (/Users/gertjanmeire/Sites/DepOmgeving/components/webcomponent-vl-ui-accordion/test/e2e/accordion.test.js:20:23)]]></failure>
    </testcase>
    <testcase name="vl-accordion als gebruiker kan ik een dynamische accordion openen en sluiten" time="0.0080" classname="als gebruiker kan ik een dynamische accordion openen en sluiten">
      <failure message="no such element: Unable to locate element: {&quot;method&quot;:&quot;css selector&quot;,&quot;selector&quot;:&quot;#accordion-dynamic-toggle&quot;}
  (Session info: chrome=92.0.4515.159)" type="NoSuchElementError"><![CDATA[NoSuchElementError: no such element: Unable to locate element: {"method":"css selector","selector":"#accordion-dynamic-toggle"}
  (Session info: chrome=92.0.4515.159)
    at Object.throwDecodedError (/Users/gertjanmeire/Sites/DepOmgeving/components/webcomponent-vl-ui-accordion/node_modules/selenium-webdriver/lib/error.js:517:15)
    at parseHttpResponse (/Users/gertjanmeire/Sites/DepOmgeving/components/webcomponent-vl-ui-accordion/node_modules/selenium-webdriver/lib/http.js:642:13)
    at Executor.execute (/Users/gertjanmeire/Sites/DepOmgeving/components/webcomponent-vl-ui-accordion/node_modules/selenium-webdriver/lib/http.js:568:28)
    at processTicksAndRejections (internal/process/task_queues.js:97:5)
    at async thenableWebDriverProxy.execute (/Users/gertjanmeire/Sites/DepOmgeving/components/webcomponent-vl-ui-accordion/node_modules/selenium-webdriver/lib/webdriver.js:731:17)
    at async /Users/gertjanmeire/Sites/DepOmgeving/components/webcomponent-vl-ui-accordion/node_modules/vl-ui-core/test/e2e/components/vl-element.js:7:23
    at async Context.<anonymous> (/Users/gertjanmeire/Sites/DepOmgeving/components/webcomponent-vl-ui-accordion/test/e2e/accordion.test.js:25:23)]]></failure>
    </testcase>
    <testcase name="vl-accordion als gebruiker kan ik een accordion via Javascript openen en sluiten" time="0.0090" classname="als gebruiker kan ik een accordion via Javascript openen en sluiten">
      <failure message="no such element: Unable to locate element: {&quot;method&quot;:&quot;css selector&quot;,&quot;selector&quot;:&quot;#accordion-javascript-toggle&quot;}
  (Session info: chrome=92.0.4515.159)" type="NoSuchElementError"><![CDATA[NoSuchElementError: no such element: Unable to locate element: {"method":"css selector","selector":"#accordion-javascript-toggle"}
  (Session info: chrome=92.0.4515.159)
    at Object.throwDecodedError (/Users/gertjanmeire/Sites/DepOmgeving/components/webcomponent-vl-ui-accordion/node_modules/selenium-webdriver/lib/error.js:517:15)
    at parseHttpResponse (/Users/gertjanmeire/Sites/DepOmgeving/components/webcomponent-vl-ui-accordion/node_modules/selenium-webdriver/lib/http.js:642:13)
    at Executor.execute (/Users/gertjanmeire/Sites/DepOmgeving/components/webcomponent-vl-ui-accordion/node_modules/selenium-webdriver/lib/http.js:568:28)
    at processTicksAndRejections (internal/process/task_queues.js:97:5)
    at async thenableWebDriverProxy.execute (/Users/gertjanmeire/Sites/DepOmgeving/components/webcomponent-vl-ui-accordion/node_modules/selenium-webdriver/lib/webdriver.js:731:17)
    at async /Users/gertjanmeire/Sites/DepOmgeving/components/webcomponent-vl-ui-accordion/node_modules/vl-ui-core/test/e2e/components/vl-element.js:7:23
    at async Context.<anonymous> (/Users/gertjanmeire/Sites/DepOmgeving/components/webcomponent-vl-ui-accordion/test/e2e/accordion.test.js:30:23)]]></failure>
    </testcase>
    <testcase name="vl-accordion als gebruiker kan ik een accordion met title slot openen en sluiten" time="0.0090" classname="als gebruiker kan ik een accordion met title slot openen en sluiten">
      <failure message="no such element: Unable to locate element: {&quot;method&quot;:&quot;css selector&quot;,&quot;selector&quot;:&quot;#accordion-titel-slot&quot;}
  (Session info: chrome=92.0.4515.159)" type="NoSuchElementError"><![CDATA[NoSuchElementError: no such element: Unable to locate element: {"method":"css selector","selector":"#accordion-titel-slot"}
  (Session info: chrome=92.0.4515.159)
    at Object.throwDecodedError (/Users/gertjanmeire/Sites/DepOmgeving/components/webcomponent-vl-ui-accordion/node_modules/selenium-webdriver/lib/error.js:517:15)
    at parseHttpResponse (/Users/gertjanmeire/Sites/DepOmgeving/components/webcomponent-vl-ui-accordion/node_modules/selenium-webdriver/lib/http.js:642:13)
    at Executor.execute (/Users/gertjanmeire/Sites/DepOmgeving/components/webcomponent-vl-ui-accordion/node_modules/selenium-webdriver/lib/http.js:568:28)
    at processTicksAndRejections (internal/process/task_queues.js:97:5)
    at async thenableWebDriverProxy.execute (/Users/gertjanmeire/Sites/DepOmgeving/components/webcomponent-vl-ui-accordion/node_modules/selenium-webdriver/lib/webdriver.js:731:17)
    at async /Users/gertjanmeire/Sites/DepOmgeving/components/webcomponent-vl-ui-accordion/node_modules/vl-ui-core/test/e2e/components/vl-element.js:7:23
    at async Context.<anonymous> (/Users/gertjanmeire/Sites/DepOmgeving/components/webcomponent-vl-ui-accordion/test/e2e/accordion.test.js:50:23)]]></failure>
    </testcase>
    <testcase name="vl-accordion als gebruiker kan ik een accordion met dynamische toggle text openen en sluiten" time="0.0090" classname="als gebruiker kan ik een accordion met dynamische toggle text openen en sluiten">
      <failure message="no such element: Unable to locate element: {&quot;method&quot;:&quot;css selector&quot;,&quot;selector&quot;:&quot;#accordion-dynamic-attributen&quot;}
  (Session info: chrome=92.0.4515.159)" type="NoSuchElementError"><![CDATA[NoSuchElementError: no such element: Unable to locate element: {"method":"css selector","selector":"#accordion-dynamic-attributen"}
  (Session info: chrome=92.0.4515.159)
    at Object.throwDecodedError (/Users/gertjanmeire/Sites/DepOmgeving/components/webcomponent-vl-ui-accordion/node_modules/selenium-webdriver/lib/error.js:517:15)
    at parseHttpResponse (/Users/gertjanmeire/Sites/DepOmgeving/components/webcomponent-vl-ui-accordion/node_modules/selenium-webdriver/lib/http.js:642:13)
    at Executor.execute (/Users/gertjanmeire/Sites/DepOmgeving/components/webcomponent-vl-ui-accordion/node_modules/selenium-webdriver/lib/http.js:568:28)
    at processTicksAndRejections (internal/process/task_queues.js:97:5)
    at async thenableWebDriverProxy.execute (/Users/gertjanmeire/Sites/DepOmgeving/components/webcomponent-vl-ui-accordion/node_modules/selenium-webdriver/lib/webdriver.js:731:17)
    at async /Users/gertjanmeire/Sites/DepOmgeving/components/webcomponent-vl-ui-accordion/node_modules/vl-ui-core/test/e2e/components/vl-element.js:7:23
    at async Context.<anonymous> (/Users/gertjanmeire/Sites/DepOmgeving/components/webcomponent-vl-ui-accordion/test/e2e/accordion.test.js:55:23)]]></failure>
    </testcase>
    <testcase name="vl-accordion als gebruiker kan ik de titel zien van een standaard accordion" time="0.0060" classname="als gebruiker kan ik de titel zien van een standaard accordion">
      <failure message="no such element: Unable to locate element: {&quot;method&quot;:&quot;css selector&quot;,&quot;selector&quot;:&quot;#accordion-standard&quot;}
  (Session info: chrome=92.0.4515.159)" type="NoSuchElementError"><![CDATA[NoSuchElementError: no such element: Unable to locate element: {"method":"css selector","selector":"#accordion-standard"}
  (Session info: chrome=92.0.4515.159)
    at Object.throwDecodedError (/Users/gertjanmeire/Sites/DepOmgeving/components/webcomponent-vl-ui-accordion/node_modules/selenium-webdriver/lib/error.js:517:15)
    at parseHttpResponse (/Users/gertjanmeire/Sites/DepOmgeving/components/webcomponent-vl-ui-accordion/node_modules/selenium-webdriver/lib/http.js:642:13)
    at Executor.execute (/Users/gertjanmeire/Sites/DepOmgeving/components/webcomponent-vl-ui-accordion/node_modules/selenium-webdriver/lib/http.js:568:28)
    at processTicksAndRejections (internal/process/task_queues.js:97:5)
    at async thenableWebDriverProxy.execute (/Users/gertjanmeire/Sites/DepOmgeving/components/webcomponent-vl-ui-accordion/node_modules/selenium-webdriver/lib/webdriver.js:731:17)
    at async /Users/gertjanmeire/Sites/DepOmgeving/components/webcomponent-vl-ui-accordion/node_modules/vl-ui-core/test/e2e/components/vl-element.js:7:23
    at async Context.<anonymous> (/Users/gertjanmeire/Sites/DepOmgeving/components/webcomponent-vl-ui-accordion/test/e2e/accordion.test.js:60:23)]]></failure>
    </testcase>
    <testcase name="vl-accordion als gebruiker kan ik de titel zien van een accordion met title slot" time="0.0060" classname="als gebruiker kan ik de titel zien van een accordion met title slot">
      <failure message="no such element: Unable to locate element: {&quot;method&quot;:&quot;css selector&quot;,&quot;selector&quot;:&quot;#accordion-titel-slot&quot;}
  (Session info: chrome=92.0.4515.159)" type="NoSuchElementError"><![CDATA[NoSuchElementError: no such element: Unable to locate element: {"method":"css selector","selector":"#accordion-titel-slot"}
  (Session info: chrome=92.0.4515.159)
    at Object.throwDecodedError (/Users/gertjanmeire/Sites/DepOmgeving/components/webcomponent-vl-ui-accordion/node_modules/selenium-webdriver/lib/error.js:517:15)
    at parseHttpResponse (/Users/gertjanmeire/Sites/DepOmgeving/components/webcomponent-vl-ui-accordion/node_modules/selenium-webdriver/lib/http.js:642:13)
    at Executor.execute (/Users/gertjanmeire/Sites/DepOmgeving/components/webcomponent-vl-ui-accordion/node_modules/selenium-webdriver/lib/http.js:568:28)
    at processTicksAndRejections (internal/process/task_queues.js:97:5)
    at async thenableWebDriverProxy.execute (/Users/gertjanmeire/Sites/DepOmgeving/components/webcomponent-vl-ui-accordion/node_modules/selenium-webdriver/lib/webdriver.js:731:17)
    at async /Users/gertjanmeire/Sites/DepOmgeving/components/webcomponent-vl-ui-accordion/node_modules/vl-ui-core/test/e2e/components/vl-element.js:7:23
    at async Context.<anonymous> (/Users/gertjanmeire/Sites/DepOmgeving/components/webcomponent-vl-ui-accordion/test/e2e/accordion.test.js:66:23)]]></failure>
    </testcase>
    <testcase name="vl-accordion als gebruiker kan ik aan de tekst zien wanneer een dynamische accordion open of gesloten is" time="0.0050" classname="als gebruiker kan ik aan de tekst zien wanneer een dynamische accordion open of gesloten is">
      <failure message="no such element: Unable to locate element: {&quot;method&quot;:&quot;css selector&quot;,&quot;selector&quot;:&quot;#accordion-dynamic-toggle&quot;}
  (Session info: chrome=92.0.4515.159)" type="NoSuchElementError"><![CDATA[NoSuchElementError: no such element: Unable to locate element: {"method":"css selector","selector":"#accordion-dynamic-toggle"}
  (Session info: chrome=92.0.4515.159)
    at Object.throwDecodedError (/Users/gertjanmeire/Sites/DepOmgeving/components/webcomponent-vl-ui-accordion/node_modules/selenium-webdriver/lib/error.js:517:15)
    at parseHttpResponse (/Users/gertjanmeire/Sites/DepOmgeving/components/webcomponent-vl-ui-accordion/node_modules/selenium-webdriver/lib/http.js:642:13)
    at Executor.execute (/Users/gertjanmeire/Sites/DepOmgeving/components/webcomponent-vl-ui-accordion/node_modules/selenium-webdriver/lib/http.js:568:28)
    at processTicksAndRejections (internal/process/task_queues.js:97:5)
    at async thenableWebDriverProxy.execute (/Users/gertjanmeire/Sites/DepOmgeving/components/webcomponent-vl-ui-accordion/node_modules/selenium-webdriver/lib/webdriver.js:731:17)
    at async /Users/gertjanmeire/Sites/DepOmgeving/components/webcomponent-vl-ui-accordion/node_modules/vl-ui-core/test/e2e/components/vl-element.js:7:23
    at async Context.<anonymous> (/Users/gertjanmeire/Sites/DepOmgeving/components/webcomponent-vl-ui-accordion/test/e2e/accordion.test.js:72:23)]]></failure>
    </testcase>
    <testcase name="vl-accordion als gebruiker kan ik de inhoud van een accordion bekijken" time="0.0050" classname="als gebruiker kan ik de inhoud van een accordion bekijken">
      <failure message="no such element: Unable to locate element: {&quot;method&quot;:&quot;css selector&quot;,&quot;selector&quot;:&quot;#accordion-standard&quot;}
  (Session info: chrome=92.0.4515.159)" type="NoSuchElementError"><![CDATA[NoSuchElementError: no such element: Unable to locate element: {"method":"css selector","selector":"#accordion-standard"}
  (Session info: chrome=92.0.4515.159)
    at Object.throwDecodedError (/Users/gertjanmeire/Sites/DepOmgeving/components/webcomponent-vl-ui-accordion/node_modules/selenium-webdriver/lib/error.js:517:15)
    at parseHttpResponse (/Users/gertjanmeire/Sites/DepOmgeving/components/webcomponent-vl-ui-accordion/node_modules/selenium-webdriver/lib/http.js:642:13)
    at Executor.execute (/Users/gertjanmeire/Sites/DepOmgeving/components/webcomponent-vl-ui-accordion/node_modules/selenium-webdriver/lib/http.js:568:28)
    at processTicksAndRejections (internal/process/task_queues.js:97:5)
    at async thenableWebDriverProxy.execute (/Users/gertjanmeire/Sites/DepOmgeving/components/webcomponent-vl-ui-accordion/node_modules/selenium-webdriver/lib/webdriver.js:731:17)
    at async /Users/gertjanmeire/Sites/DepOmgeving/components/webcomponent-vl-ui-accordion/node_modules/vl-ui-core/test/e2e/components/vl-element.js:7:23
    at async Context.<anonymous> (/Users/gertjanmeire/Sites/DepOmgeving/components/webcomponent-vl-ui-accordion/test/e2e/accordion.test.js:80:23)]]></failure>
    </testcase>
  </testsuite>
</testsuites>